<?xml version="1.0" encoding="UTF-8"?>
<!-- Generated by org.testng.reporters.JUnitReportReporter -->
<testsuite hostname="Kumarswamy-PC" failures="0" tests="1" name="com.ERP.Dollibarr.HRM.ApplyLeaveTest" time="33.107" errors="0" timestamp="2025-03-23T21:57:29 IST" skipped="0">
  <testcase classname="com.ERP.Dollibarr.HRM.ApplyLeaveTest" name="applyLeaveAsUser" time="33.107"/>
</testsuite> <!-- com.ERP.Dollibarr.HRM.ApplyLeaveTest -->
